<?xml version="1.0" encoding="UTF-8"?>
<!-- Generated by org.testng.reporters.JUnitXMLReporter -->
<testsuite hostname="DESKTOP-E3DUP2L" name="firefoxTest" tests="1" failures="1" timestamp="9 Jan 2019 21:48:09 GMT" time="47.904" errors="0">
  <testcase name="browserTest" time="47.872" classname="com.sstechqa.basic.CrossBrowser">
    <failure type="org.openqa.selenium.WebDriverException" message="Failed to connect to binary FirefoxBinary(C:\Program Files\Mozilla Firefox\firefox.exe) on port 7055; process output follows: 
ator&amp;quot;:null,&amp;quot;developers&amp;quot;:null,&amp;quot;translators&amp;quot;:null,&amp;quot;contributors&amp;quot;:null,&amp;quot;locales&amp;quot;:[&amp;quot;fi&amp;quot;]},{&amp;quot;name&amp;quot;:&amp;quot;McAfeeÂ® WebAdvisor&amp;quot;,&amp;quot;description&amp;quot;:&amp;quot;McAfeeÂ® WebAdvisor&amp;quot;,&amp;quot;creator&amp;quot;:null,&amp;quot;developers&amp;quot;:null,&amp;quot;translators&amp;quot;:null,&amp;quot;contributors&amp;quot;:null,&amp;quot;locales&amp;quot;:[&amp;quot;el&amp;quot;]},{&amp;quot;name&amp;quot;:&amp;quot;McAfeeÂ® WebAdvisor&amp;quot;,&amp;quot;description&amp;quot;:&amp;quot;McAfeeÂ® WebAdvisor&amp;quot;,&amp;quot;creator&amp;quot;:null,&amp;quot;developers&amp;quot;:null,&amp;quot;translators&amp;quot;:null,&amp;quot;contributors&amp;quot;:null,&amp;quot;locales&amp;quot;:[&amp;quot;es&amp;quot;]},{&amp;quot;name&amp;quot;:&amp;quot;McAfeeÂ® WebAdvisor&amp;quot;,&amp;quot;description&amp;quot;:&amp;quot;McAfeeÂ® WebAdvisor&amp;quot;,&amp;quot;creator&amp;quot;:null,&amp;quot;developers&amp;quot;:null,&amp;quot;translators&amp;quot;:null,&amp;quot;contributors&amp;quot;:null,&amp;quot;locales&amp;quot;:[&amp;quot;pt-BR&amp;quot;]},{&amp;quot;name&amp;quot;:&amp;quot;McAfeeÂ® WebAdvisor&amp;quot;,&amp;quot;description&amp;quot;:&amp;quot;McAfeeÂ® WebAdvisor&amp;quot;,&amp;quot;creator&amp;quot;:null,&amp;quot;developers&amp;quot;:null,&amp;quot;translators&amp;quot;:null,&amp;quot;contributors&amp;quot;:null,&amp;quot;locales&amp;quot;:[&amp;quot;zh-TW&amp;quot;]},{&amp;quot;name&amp;quot;:&amp;quot;McAfeeÂ® WebAdvisor&amp;quot;,&amp;quot;description&amp;quot;:&amp;quot;McAfeeÂ® WebAdvisor&amp;quot;,&amp;quot;creator&amp;quot;:null,&amp;quot;developers&amp;quot;:null,&amp;quot;translators&amp;quot;:null,&amp;quot;contributors&amp;quot;:null,&amp;quot;locales&amp;quot;:[&amp;quot;da&amp;quot;]},{&amp;quot;name&amp;quot;:&amp;quot;McAfeeÂ® WebAdvisor&amp;quot;,&amp;quot;description&amp;quot;:&amp;quot;McAfeeÂ® WebAdvisor&amp;quot;,&amp;quot;creator&amp;quot;:null,&amp;quot;developers&amp;quot;:null,&amp;quot;translators&amp;quot;:null,&amp;quot;contributors&amp;quot;:null,&amp;quot;locales&amp;quot;:[&amp;quot;tr&amp;quot;]},{&amp;quot;name&amp;quot;:&amp;quot;McAfeeÂ® WebAdvisor&amp;quot;,&amp;quot;description&amp;quot;:&amp;quot;McAfeeÂ® WebAdvisor&amp;quot;,&amp;quot;creator&amp;quot;:null,&amp;quot;developers&amp;quot;:null,&amp;quot;translators&amp;quot;:null,&amp;quot;contributors&amp;quot;:null,&amp;quot;locales&amp;quot;:[&amp;quot;nl&amp;quot;]}],&amp;quot;targetApplications&amp;quot;:[{&amp;quot;id&amp;quot;:&amp;quot;toolkit@mozilla.org&amp;quot;,&amp;quot;minVersion&amp;quot;:&amp;quot;51.0&amp;quot;,&amp;quot;maxVersion&amp;quot;:null}],&amp;quot;targetPlatforms&amp;quot;:[],&amp;quot;signedState&amp;quot;:2,&amp;quot;seen&amp;quot;:false,&amp;quot;dependencies&amp;quot;:[],&amp;quot;hasEmbeddedWebExtension&amp;quot;:false,&amp;quot;userPermissions&amp;quot;:{&amp;quot;permissions&amp;quot;:[&amp;quot;tabs&amp;quot;,&amp;quot;downloads&amp;quot;,&amp;quot;nativeMessaging&amp;quot;,&amp;quot;webRequest&amp;quot;,&amp;quot;storage&amp;quot;],&amp;quot;origins&amp;quot;:[&amp;quot;&amp;lt;all_urls&amp;gt;&amp;quot;,&amp;quot;http://*/*&amp;quot;,&amp;quot;https://*/*&amp;quot;]},&amp;quot;icons&amp;quot;:{&amp;quot;128&amp;quot;:&amp;quot;images/webadvisor.png&amp;quot;},&amp;quot;iconURL&amp;quot;:null,&amp;quot;icon64URL&amp;quot;:null,&amp;quot;blocklistState&amp;quot;:0,&amp;quot;blocklistURL&amp;quot;:null,&amp;quot;startupData&amp;quot;:null,&amp;quot;hidden&amp;quot;:false,&amp;quot;installTelemetryInfo&amp;quot;:{&amp;quot;source&amp;quot;:&amp;quot;winreg-app-global&amp;quot;,&amp;quot;method&amp;quot;:&amp;quot;sideload&amp;quot;},&amp;quot;location&amp;quot;:&amp;quot;winreg-app-global&amp;quot;}
1547070449836	addons.xpi-utils	DEBUG	Updating add-on states
1547070449839	addons.xpi	DEBUG	Calling bootstrap method startup on formautofill@mozilla.org version 1.0
1547070449841	addons.xpi	DEBUG	Calling bootstrap method startup on screenshots@mozilla.org version 35.0.0
1547070449842	addons.xpi	DEBUG	Calling bootstrap method startup on webcompat@mozilla.org version 3.0.0
1547070449845	addons.manager	DEBUG	Registering shutdown blocker for XPIProvider
1547070449846	addons.manager	DEBUG	Provider finished startup: XPIProvider
1547070449846	addons.manager	DEBUG	Starting provider: LightweightThemeManager
1547070449846	addons.manager	DEBUG	Registering shutdown blocker for LightweightThemeManager
1547070449846	addons.manager	DEBUG	Provider finished startup: LightweightThemeManager
1547070449847	addons.manager	DEBUG	Starting provider: GMPProvider
1547070449853	addons.manager	DEBUG	Registering shutdown blocker for GMPProvider
1547070449853	addons.manager	DEBUG	Provider finished startup: GMPProvider
1547070449853	addons.manager	DEBUG	Starting provider: PluginProvider
1547070449854	addons.manager	DEBUG	Registering shutdown blocker for PluginProvider
1547070449854	addons.manager	DEBUG	Provider finished startup: PluginProvider
1547070449860	addons.manager	DEBUG	Completed startup sequence
1547070453146	addons.repository	DEBUG	No addons.json found.
1547070453968	addons.manager	DEBUG	Registering upgrade listener for formautofill@mozilla.org
1547070455865	addons.xpi	DEBUG	Ignoring file: name is not a valid add-on ID: C:\Users\yusuf\AppData\Local\Temp\anonymous7373541650721769898webdriver-profile\extensions\webdriver-staging
1547070455866	addons.xpi	DEBUG	Existing add-on formautofill@mozilla.org in app-system-defaults
1547070455866	addons.xpi	DEBUG	Existing add-on screenshots@mozilla.org in app-system-defaults
1547070455866	addons.xpi	DEBUG	Existing add-on webcompat-reporter@mozilla.org in app-system-defaults
1547070455866	addons.xpi	DEBUG	Existing add-on webcompat@mozilla.org in app-system-defaults
1547070455868	addons.xpi	DEBUG	Existing add-on {4ED1F68A-5463-4931-9384-8FFF5ED91D92} in winreg-app-global
1547070455868	addons.xpi	DEBUG	scanForChanges changed: false, state: {}
JavaScript error: resource://gre/modules/addons/XPIProvider.jsm, line 2600: TypeError: addon is null

Build info: version: &amp;apos;2.52.0&amp;apos;, revision: &amp;apos;4c2593cfc3689a7fcd7be52549167e5ccc93ad28&amp;apos;, time: &amp;apos;2016-02-11 11:22:43&amp;apos;
System info: host: &amp;apos;DESKTOP-E3DUP2L&amp;apos;, ip: &amp;apos;172.29.1.85&amp;apos;, os.name: &amp;apos;Windows 10&amp;apos;, os.arch: &amp;apos;amd64&amp;apos;, os.version: &amp;apos;10.0&amp;apos;, java.version: &amp;apos;1.8.0_162&amp;apos;
Driver info: driver.version: FirefoxDriver">
      <![CDATA[org.openqa.selenium.WebDriverException: Failed to connect to binary FirefoxBinary(C:\Program Files\Mozilla Firefox\firefox.exe) on port 7055; process output follows: 
ator":null,"developers":null,"translators":null,"contributors":null,"locales":["fi"]},{"name":"McAfeeÂ® WebAdvisor","description":"McAfeeÂ® WebAdvisor","creator":null,"developers":null,"translators":null,"contributors":null,"locales":["el"]},{"name":"McAfeeÂ® WebAdvisor","description":"McAfeeÂ® WebAdvisor","creator":null,"developers":null,"translators":null,"contributors":null,"locales":["es"]},{"name":"McAfeeÂ® WebAdvisor","description":"McAfeeÂ® WebAdvisor","creator":null,"developers":null,"translators":null,"contributors":null,"locales":["pt-BR"]},{"name":"McAfeeÂ® WebAdvisor","description":"McAfeeÂ® WebAdvisor","creator":null,"developers":null,"translators":null,"contributors":null,"locales":["zh-TW"]},{"name":"McAfeeÂ® WebAdvisor","description":"McAfeeÂ® WebAdvisor","creator":null,"developers":null,"translators":null,"contributors":null,"locales":["da"]},{"name":"McAfeeÂ® WebAdvisor","description":"McAfeeÂ® WebAdvisor","creator":null,"developers":null,"translators":null,"contributors":null,"locales":["tr"]},{"name":"McAfeeÂ® WebAdvisor","description":"McAfeeÂ® WebAdvisor","creator":null,"developers":null,"translators":null,"contributors":null,"locales":["nl"]}],"targetApplications":[{"id":"toolkit@mozilla.org","minVersion":"51.0","maxVersion":null}],"targetPlatforms":[],"signedState":2,"seen":false,"dependencies":[],"hasEmbeddedWebExtension":false,"userPermissions":{"permissions":["tabs","downloads","nativeMessaging","webRequest","storage"],"origins":["<all_urls>","http://*/*","https://*/*"]},"icons":{"128":"images/webadvisor.png"},"iconURL":null,"icon64URL":null,"blocklistState":0,"blocklistURL":null,"startupData":null,"hidden":false,"installTelemetryInfo":{"source":"winreg-app-global","method":"sideload"},"location":"winreg-app-global"}
1547070449836	addons.xpi-utils	DEBUG	Updating add-on states
1547070449839	addons.xpi	DEBUG	Calling bootstrap method startup on formautofill@mozilla.org version 1.0
1547070449841	addons.xpi	DEBUG	Calling bootstrap method startup on screenshots@mozilla.org version 35.0.0
1547070449842	addons.xpi	DEBUG	Calling bootstrap method startup on webcompat@mozilla.org version 3.0.0
1547070449845	addons.manager	DEBUG	Registering shutdown blocker for XPIProvider
1547070449846	addons.manager	DEBUG	Provider finished startup: XPIProvider
1547070449846	addons.manager	DEBUG	Starting provider: LightweightThemeManager
1547070449846	addons.manager	DEBUG	Registering shutdown blocker for LightweightThemeManager
1547070449846	addons.manager	DEBUG	Provider finished startup: LightweightThemeManager
1547070449847	addons.manager	DEBUG	Starting provider: GMPProvider
1547070449853	addons.manager	DEBUG	Registering shutdown blocker for GMPProvider
1547070449853	addons.manager	DEBUG	Provider finished startup: GMPProvider
1547070449853	addons.manager	DEBUG	Starting provider: PluginProvider
1547070449854	addons.manager	DEBUG	Registering shutdown blocker for PluginProvider
1547070449854	addons.manager	DEBUG	Provider finished startup: PluginProvider
1547070449860	addons.manager	DEBUG	Completed startup sequence
1547070453146	addons.repository	DEBUG	No addons.json found.
1547070453968	addons.manager	DEBUG	Registering upgrade listener for formautofill@mozilla.org
1547070455865	addons.xpi	DEBUG	Ignoring file: name is not a valid add-on ID: C:\Users\yusuf\AppData\Local\Temp\anonymous7373541650721769898webdriver-profile\extensions\webdriver-staging
1547070455866	addons.xpi	DEBUG	Existing add-on formautofill@mozilla.org in app-system-defaults
1547070455866	addons.xpi	DEBUG	Existing add-on screenshots@mozilla.org in app-system-defaults
1547070455866	addons.xpi	DEBUG	Existing add-on webcompat-reporter@mozilla.org in app-system-defaults
1547070455866	addons.xpi	DEBUG	Existing add-on webcompat@mozilla.org in app-system-defaults
1547070455868	addons.xpi	DEBUG	Existing add-on {4ED1F68A-5463-4931-9384-8FFF5ED91D92} in winreg-app-global
1547070455868	addons.xpi	DEBUG	scanForChanges changed: false, state: {}
JavaScript error: resource://gre/modules/addons/XPIProvider.jsm, line 2600: TypeError: addon is null

Build info: version: '2.52.0', revision: '4c2593cfc3689a7fcd7be52549167e5ccc93ad28', time: '2016-02-11 11:22:43'
System info: host: 'DESKTOP-E3DUP2L', ip: '172.29.1.85', os.name: 'Windows 10', os.arch: 'amd64', os.version: '10.0', java.version: '1.8.0_162'
Driver info: driver.version: FirefoxDriver
	at org.openqa.selenium.firefox.internal.NewProfileExtensionConnection.start(NewProfileExtensionConnection.java:125)
	at org.openqa.selenium.firefox.FirefoxDriver.startClient(FirefoxDriver.java:271)
	at org.openqa.selenium.remote.RemoteWebDriver.<init>(RemoteWebDriver.java:119)
	at org.openqa.selenium.firefox.FirefoxDriver.<init>(FirefoxDriver.java:216)
	at org.openqa.selenium.firefox.FirefoxDriver.<init>(FirefoxDriver.java:211)
	at org.openqa.selenium.firefox.FirefoxDriver.<init>(FirefoxDriver.java:207)
	at org.openqa.selenium.firefox.FirefoxDriver.<init>(FirefoxDriver.java:120)
	at com.sstechqa.basic.CrossBrowser.browserTest(CrossBrowser.java:28)
	at java.util.concurrent.FutureTask.run(FutureTask.java:266)
	at java.util.concurrent.ThreadPoolExecutor.runWorker(ThreadPoolExecutor.java:1149)
	at java.util.concurrent.ThreadPoolExecutor$Worker.run(ThreadPoolExecutor.java:624)
	at java.lang.Thread.run(Thread.java:748)
Caused by: org.openqa.selenium.firefox.NotConnectedException: Unable to connect to host 127.0.0.1 on port 7055 after 45000 ms. Firefox console output:
ator":null,"developers":null,"translators":null,"contributors":null,"locales":["fi"]},{"name":"McAfeeÂ® WebAdvisor","description":"McAfeeÂ® WebAdvisor","creator":null,"developers":null,"translators":null,"contributors":null,"locales":["el"]},{"name":"McAfeeÂ® WebAdvisor","description":"McAfeeÂ® WebAdvisor","creator":null,"developers":null,"translators":null,"contributors":null,"locales":["es"]},{"name":"McAfeeÂ® WebAdvisor","description":"McAfeeÂ® WebAdvisor","creator":null,"developers":null,"translators":null,"contributors":null,"locales":["pt-BR"]},{"name":"McAfeeÂ® WebAdvisor","description":"McAfeeÂ® WebAdvisor","creator":null,"developers":null,"translators":null,"contributors":null,"locales":["zh-TW"]},{"name":"McAfeeÂ® WebAdvisor","description":"McAfeeÂ® WebAdvisor","creator":null,"developers":null,"translators":null,"contributors":null,"locales":["da"]},{"name":"McAfeeÂ® WebAdvisor","description":"McAfeeÂ® WebAdvisor","creator":null,"developers":null,"translators":null,"contributors":null,"locales":["tr"]},{"name":"McAfeeÂ® WebAdvisor","description":"McAfeeÂ® WebAdvisor","creator":null,"developers":null,"translators":null,"contributors":null,"locales":["nl"]}],"targetApplications":[{"id":"toolkit@mozilla.org","minVersion":"51.0","maxVersion":null}],"targetPlatforms":[],"signedState":2,"seen":false,"dependencies":[],"hasEmbeddedWebExtension":false,"userPermissions":{"permissions":["tabs","downloads","nativeMessaging","webRequest","storage"],"origins":["<all_urls>","http://*/*","https://*/*"]},"icons":{"128":"images/webadvisor.png"},"iconURL":null,"icon64URL":null,"blocklistState":0,"blocklistURL":null,"startupData":null,"hidden":false,"installTelemetryInfo":{"source":"winreg-app-global","method":"sideload"},"location":"winreg-app-global"}
1547070449836	addons.xpi-utils	DEBUG	Updating add-on states
1547070449839	addons.xpi	DEBUG	Calling bootstrap method startup on formautofill@mozilla.org version 1.0
1547070449841	addons.xpi	DEBUG	Calling bootstrap method startup on screenshots@mozilla.org version 35.0.0
1547070449842	addons.xpi	DEBUG	Calling bootstrap method startup on webcompat@mozilla.org version 3.0.0
1547070449845	addons.manager	DEBUG	Registering shutdown blocker for XPIProvider
1547070449846	addons.manager	DEBUG	Provider finished startup: XPIProvider
1547070449846	addons.manager	DEBUG	Starting provider: LightweightThemeManager
1547070449846	addons.manager	DEBUG	Registering shutdown blocker for LightweightThemeManager
1547070449846	addons.manager	DEBUG	Provider finished startup: LightweightThemeManager
1547070449847	addons.manager	DEBUG	Starting provider: GMPProvider
1547070449853	addons.manager	DEBUG	Registering shutdown blocker for GMPProvider
1547070449853	addons.manager	DEBUG	Provider finished startup: GMPProvider
1547070449853	addons.manager	DEBUG	Starting provider: PluginProvider
1547070449854	addons.manager	DEBUG	Registering shutdown blocker for PluginProvider
1547070449854	addons.manager	DEBUG	Provider finished startup: PluginProvider
1547070449860	addons.manager	DEBUG	Completed startup sequence
1547070453146	addons.repository	DEBUG	No addons.json found.
1547070453968	addons.manager	DEBUG	Registering upgrade listener for formautofill@mozilla.org
1547070455865	addons.xpi	DEBUG	Ignoring file: name is not a valid add-on ID: C:\Users\yusuf\AppData\Local\Temp\anonymous7373541650721769898webdriver-profile\extensions\webdriver-staging
1547070455866	addons.xpi	DEBUG	Existing add-on formautofill@mozilla.org in app-system-defaults
1547070455866	addons.xpi	DEBUG	Existing add-on screenshots@mozilla.org in app-system-defaults
1547070455866	addons.xpi	DEBUG	Existing add-on webcompat-reporter@mozilla.org in app-system-defaults
1547070455866	addons.xpi	DEBUG	Existing add-on webcompat@mozilla.org in app-system-defaults
1547070455868	addons.xpi	DEBUG	Existing add-on {4ED1F68A-5463-4931-9384-8FFF5ED91D92} in winreg-app-global
1547070455868	addons.xpi	DEBUG	scanForChanges changed: false, state: {}
JavaScript error: resource://gre/modules/addons/XPIProvider.jsm, line 2600: TypeError: addon is null

	at org.openqa.selenium.firefox.internal.NewProfileExtensionConnection.start(NewProfileExtensionConnection.java:113)
	... 27 more
... Removed 16 stack frames]]>
    </failure>
  </testcase> <!-- browserTest -->
</testsuite> <!-- firefoxTest -->
