<?xml version="1.0" encoding="UTF-8"?>
<!-- Generated by org.testng.reporters.JUnitXMLReporter -->
<testsuite hostname="DESKTOP-E3DUP2L" name="Test" tests="1" failures="1" timestamp="9 Jan 2019 20:36:44 GMT" time="49.017" errors="0">
  <testcase name="browserTest" time="48.942" classname="com.sstechqa.basic.CrossBrowser">
    <failure type="org.openqa.selenium.WebDriverException" message="Failed to connect to binary FirefoxBinary(C:\Program Files\Mozilla Firefox\firefox.exe) on port 7055; process output follows: 
locklistState&amp;quot;:0,&amp;quot;blocklistURL&amp;quot;:null,&amp;quot;startupData&amp;quot;:null,&amp;quot;hidden&amp;quot;:false,&amp;quot;installTelemetryInfo&amp;quot;:{&amp;quot;source&amp;quot;:&amp;quot;winreg-app-global&amp;quot;,&amp;quot;method&amp;quot;:&amp;quot;sideload&amp;quot;},&amp;quot;location&amp;quot;:&amp;quot;winreg-app-global&amp;quot;}
1547066159413	addons.xpi-utils	DEBUG	Updating add-on states
1547066159415	addons.xpi	DEBUG	Calling bootstrap method startup on formautofill@mozilla.org version 1.0
1547066159417	addons.xpi	DEBUG	Calling bootstrap method startup on screenshots@mozilla.org version 35.0.0
1547066159417	addons.xpi	DEBUG	Calling bootstrap method startup on webcompat@mozilla.org version 3.0.0
1547066159420	addons.manager	DEBUG	Registering shutdown blocker for XPIProvider
1547066159420	addons.manager	DEBUG	Provider finished startup: XPIProvider
1547066159420	addons.manager	DEBUG	Starting provider: LightweightThemeManager
1547066159420	addons.manager	DEBUG	Registering shutdown blocker for LightweightThemeManager
1547066159421	addons.manager	DEBUG	Provider finished startup: LightweightThemeManager
1547066159421	addons.manager	DEBUG	Starting provider: GMPProvider
1547066159426	addons.manager	DEBUG	Registering shutdown blocker for GMPProvider
1547066159426	addons.manager	DEBUG	Provider finished startup: GMPProvider
1547066159426	addons.manager	DEBUG	Starting provider: PluginProvider
1547066159426	addons.manager	DEBUG	Registering shutdown blocker for PluginProvider
1547066159426	addons.manager	DEBUG	Provider finished startup: PluginProvider
1547066159431	addons.manager	DEBUG	Completed startup sequence
1547066161777	addons.repository	DEBUG	No addons.json found.
1547066162183	addons.manager	DEBUG	Registering upgrade listener for formautofill@mozilla.org
1547066162644	addons.xpi	DEBUG	Ignoring file: name is not a valid add-on ID: C:\Users\yusuf\AppData\Local\Temp\anonymous1101782079179532872webdriver-profile\extensions\webdriver-staging
1547066162645	addons.xpi	DEBUG	Existing add-on formautofill@mozilla.org in app-system-defaults
1547066162645	addons.xpi	DEBUG	Existing add-on screenshots@mozilla.org in app-system-defaults
1547066162646	addons.xpi	DEBUG	Existing add-on webcompat-reporter@mozilla.org in app-system-defaults
1547066162646	addons.xpi	DEBUG	Existing add-on webcompat@mozilla.org in app-system-defaults
1547066162647	addons.xpi	DEBUG	Existing add-on {4ED1F68A-5463-4931-9384-8FFF5ED91D92} in winreg-app-global
1547066162648	addons.xpi	DEBUG	scanForChanges changed: false, state: {}
JavaScript error: resource://gre/modules/addons/XPIProvider.jsm, line 2600: TypeError: addon is null
1547066197297	addons.xpi	DEBUG	Calling bootstrap method shutdown on webcompat@mozilla.org version 3.0.0
1547066197304	addons.xpi	DEBUG	Calling bootstrap method shutdown on screenshots@mozilla.org version 35.0.0
1547066197314	addons.xpi	DEBUG	Calling bootstrap method shutdown on formautofill@mozilla.org version 1.0
[Child 7328, Chrome_ChildThread] WARNING: pipe error: 109: file z:/build/b
###!!! [Child][RunMessage] Error: Channel closing: too late to send/recv, messages will be lost

uild/src/ipc/chromium/src/chrome/common/ipc_channel_win.cc, line 346
[Child 7328, Chrome_ChildThread] WARNING: pipe error: 109: file z:/build/build/src/ipc/chromium/src/chrome/common/ipc_channel_win.cc, line 346
[Child 5856, Chrome_ChildThread] WARNING: pipe error: 109: file z:/build/bui[Parent 15456, Gecko_IOThread] WARNING: pipe error: 109: file z:/build/build/src/ipc/chromium/src/chrome/common/ipc_channel_win.cc, line 346
[Child 18228, Chrome_ChildThread] WARNING: pipe error: 109: file z:/build/build/src/ipc/chromium/src/chrome/common/ipc_channel_win.cc, line 31547066197401	addons.manager	DEBUG	shutdown
1547066197402	addons.manager	DEBUG	Calling shutdown blocker for XPIProvider
1547066197402	addons.xpi	DEBUG	shutdown
46
[Child 18
###!!! [Child][RunMessage] Error: Channel closing: too late to send/recv, messages will be lost


###!!! [Child][MessageChannel::SendAndWait] Error: Channel error: cannot send/recv


Build info: version: &amp;apos;2.52.0&amp;apos;, revision: &amp;apos;4c2593cfc3689a7fcd7be52549167e5ccc93ad28&amp;apos;, time: &amp;apos;2016-02-11 11:22:43&amp;apos;
System info: host: &amp;apos;DESKTOP-E3DUP2L&amp;apos;, ip: &amp;apos;172.29.1.85&amp;apos;, os.name: &amp;apos;Windows 10&amp;apos;, os.arch: &amp;apos;amd64&amp;apos;, os.version: &amp;apos;10.0&amp;apos;, java.version: &amp;apos;1.8.0_162&amp;apos;
Driver info: driver.version: FirefoxDriver">
      <![CDATA[org.openqa.selenium.WebDriverException: Failed to connect to binary FirefoxBinary(C:\Program Files\Mozilla Firefox\firefox.exe) on port 7055; process output follows: 
locklistState":0,"blocklistURL":null,"startupData":null,"hidden":false,"installTelemetryInfo":{"source":"winreg-app-global","method":"sideload"},"location":"winreg-app-global"}
1547066159413	addons.xpi-utils	DEBUG	Updating add-on states
1547066159415	addons.xpi	DEBUG	Calling bootstrap method startup on formautofill@mozilla.org version 1.0
1547066159417	addons.xpi	DEBUG	Calling bootstrap method startup on screenshots@mozilla.org version 35.0.0
1547066159417	addons.xpi	DEBUG	Calling bootstrap method startup on webcompat@mozilla.org version 3.0.0
1547066159420	addons.manager	DEBUG	Registering shutdown blocker for XPIProvider
1547066159420	addons.manager	DEBUG	Provider finished startup: XPIProvider
1547066159420	addons.manager	DEBUG	Starting provider: LightweightThemeManager
1547066159420	addons.manager	DEBUG	Registering shutdown blocker for LightweightThemeManager
1547066159421	addons.manager	DEBUG	Provider finished startup: LightweightThemeManager
1547066159421	addons.manager	DEBUG	Starting provider: GMPProvider
1547066159426	addons.manager	DEBUG	Registering shutdown blocker for GMPProvider
1547066159426	addons.manager	DEBUG	Provider finished startup: GMPProvider
1547066159426	addons.manager	DEBUG	Starting provider: PluginProvider
1547066159426	addons.manager	DEBUG	Registering shutdown blocker for PluginProvider
1547066159426	addons.manager	DEBUG	Provider finished startup: PluginProvider
1547066159431	addons.manager	DEBUG	Completed startup sequence
1547066161777	addons.repository	DEBUG	No addons.json found.
1547066162183	addons.manager	DEBUG	Registering upgrade listener for formautofill@mozilla.org
1547066162644	addons.xpi	DEBUG	Ignoring file: name is not a valid add-on ID: C:\Users\yusuf\AppData\Local\Temp\anonymous1101782079179532872webdriver-profile\extensions\webdriver-staging
1547066162645	addons.xpi	DEBUG	Existing add-on formautofill@mozilla.org in app-system-defaults
1547066162645	addons.xpi	DEBUG	Existing add-on screenshots@mozilla.org in app-system-defaults
1547066162646	addons.xpi	DEBUG	Existing add-on webcompat-reporter@mozilla.org in app-system-defaults
1547066162646	addons.xpi	DEBUG	Existing add-on webcompat@mozilla.org in app-system-defaults
1547066162647	addons.xpi	DEBUG	Existing add-on {4ED1F68A-5463-4931-9384-8FFF5ED91D92} in winreg-app-global
1547066162648	addons.xpi	DEBUG	scanForChanges changed: false, state: {}
JavaScript error: resource://gre/modules/addons/XPIProvider.jsm, line 2600: TypeError: addon is null
1547066197297	addons.xpi	DEBUG	Calling bootstrap method shutdown on webcompat@mozilla.org version 3.0.0
1547066197304	addons.xpi	DEBUG	Calling bootstrap method shutdown on screenshots@mozilla.org version 35.0.0
1547066197314	addons.xpi	DEBUG	Calling bootstrap method shutdown on formautofill@mozilla.org version 1.0
[Child 7328, Chrome_ChildThread] WARNING: pipe error: 109: file z:/build/b
###!!! [Child][RunMessage] Error: Channel closing: too late to send/recv, messages will be lost

uild/src/ipc/chromium/src/chrome/common/ipc_channel_win.cc, line 346
[Child 7328, Chrome_ChildThread] WARNING: pipe error: 109: file z:/build/build/src/ipc/chromium/src/chrome/common/ipc_channel_win.cc, line 346
[Child 5856, Chrome_ChildThread] WARNING: pipe error: 109: file z:/build/bui[Parent 15456, Gecko_IOThread] WARNING: pipe error: 109: file z:/build/build/src/ipc/chromium/src/chrome/common/ipc_channel_win.cc, line 346
[Child 18228, Chrome_ChildThread] WARNING: pipe error: 109: file z:/build/build/src/ipc/chromium/src/chrome/common/ipc_channel_win.cc, line 31547066197401	addons.manager	DEBUG	shutdown
1547066197402	addons.manager	DEBUG	Calling shutdown blocker for XPIProvider
1547066197402	addons.xpi	DEBUG	shutdown
46
[Child 18
###!!! [Child][RunMessage] Error: Channel closing: too late to send/recv, messages will be lost


###!!! [Child][MessageChannel::SendAndWait] Error: Channel error: cannot send/recv


Build info: version: '2.52.0', revision: '4c2593cfc3689a7fcd7be52549167e5ccc93ad28', time: '2016-02-11 11:22:43'
System info: host: 'DESKTOP-E3DUP2L', ip: '172.29.1.85', os.name: 'Windows 10', os.arch: 'amd64', os.version: '10.0', java.version: '1.8.0_162'
Driver info: driver.version: FirefoxDriver
	at org.openqa.selenium.firefox.internal.NewProfileExtensionConnection.start(NewProfileExtensionConnection.java:125)
	at org.openqa.selenium.firefox.FirefoxDriver.startClient(FirefoxDriver.java:271)
	at org.openqa.selenium.remote.RemoteWebDriver.<init>(RemoteWebDriver.java:119)
	at org.openqa.selenium.firefox.FirefoxDriver.<init>(FirefoxDriver.java:216)
	at org.openqa.selenium.firefox.FirefoxDriver.<init>(FirefoxDriver.java:211)
	at org.openqa.selenium.firefox.FirefoxDriver.<init>(FirefoxDriver.java:207)
	at org.openqa.selenium.firefox.FirefoxDriver.<init>(FirefoxDriver.java:120)
	at com.sstechqa.basic.CrossBrowser.browserTest(CrossBrowser.java:16)
Caused by: org.openqa.selenium.firefox.NotConnectedException: Unable to connect to host 127.0.0.1 on port 7055 after 45000 ms. Firefox console output:
locklistState":0,"blocklistURL":null,"startupData":null,"hidden":false,"installTelemetryInfo":{"source":"winreg-app-global","method":"sideload"},"location":"winreg-app-global"}
1547066159413	addons.xpi-utils	DEBUG	Updating add-on states
1547066159415	addons.xpi	DEBUG	Calling bootstrap method startup on formautofill@mozilla.org version 1.0
1547066159417	addons.xpi	DEBUG	Calling bootstrap method startup on screenshots@mozilla.org version 35.0.0
1547066159417	addons.xpi	DEBUG	Calling bootstrap method startup on webcompat@mozilla.org version 3.0.0
1547066159420	addons.manager	DEBUG	Registering shutdown blocker for XPIProvider
1547066159420	addons.manager	DEBUG	Provider finished startup: XPIProvider
1547066159420	addons.manager	DEBUG	Starting provider: LightweightThemeManager
1547066159420	addons.manager	DEBUG	Registering shutdown blocker for LightweightThemeManager
1547066159421	addons.manager	DEBUG	Provider finished startup: LightweightThemeManager
1547066159421	addons.manager	DEBUG	Starting provider: GMPProvider
1547066159426	addons.manager	DEBUG	Registering shutdown blocker for GMPProvider
1547066159426	addons.manager	DEBUG	Provider finished startup: GMPProvider
1547066159426	addons.manager	DEBUG	Starting provider: PluginProvider
1547066159426	addons.manager	DEBUG	Registering shutdown blocker for PluginProvider
1547066159426	addons.manager	DEBUG	Provider finished startup: PluginProvider
1547066159431	addons.manager	DEBUG	Completed startup sequence
1547066161777	addons.repository	DEBUG	No addons.json found.
1547066162183	addons.manager	DEBUG	Registering upgrade listener for formautofill@mozilla.org
1547066162644	addons.xpi	DEBUG	Ignoring file: name is not a valid add-on ID: C:\Users\yusuf\AppData\Local\Temp\anonymous1101782079179532872webdriver-profile\extensions\webdriver-staging
1547066162645	addons.xpi	DEBUG	Existing add-on formautofill@mozilla.org in app-system-defaults
1547066162645	addons.xpi	DEBUG	Existing add-on screenshots@mozilla.org in app-system-defaults
1547066162646	addons.xpi	DEBUG	Existing add-on webcompat-reporter@mozilla.org in app-system-defaults
1547066162646	addons.xpi	DEBUG	Existing add-on webcompat@mozilla.org in app-system-defaults
1547066162647	addons.xpi	DEBUG	Existing add-on {4ED1F68A-5463-4931-9384-8FFF5ED91D92} in winreg-app-global
1547066162648	addons.xpi	DEBUG	scanForChanges changed: false, state: {}
JavaScript error: resource://gre/modules/addons/XPIProvider.jsm, line 2600: TypeError: addon is null
1547066197297	addons.xpi	DEBUG	Calling bootstrap method shutdown on webcompat@mozilla.org version 3.0.0
1547066197304	addons.xpi	DEBUG	Calling bootstrap method shutdown on screenshots@mozilla.org version 35.0.0
1547066197314	addons.xpi	DEBUG	Calling bootstrap method shutdown on formautofill@mozilla.org version 1.0
[Child 7328, Chrome_ChildThread] WARNING: pipe error: 109: file z:/build/b
###!!! [Child][RunMessage] Error: Channel closing: too late to send/recv, messages will be lost

uild/src/ipc/chromium/src/chrome/common/ipc_channel_win.cc, line 346
[Child 7328, Chrome_ChildThread] WARNING: pipe error: 109: file z:/build/build/src/ipc/chromium/src/chrome/common/ipc_channel_win.cc, line 346
[Child 5856, Chrome_ChildThread] WARNING: pipe error: 109: file z:/build/bui[Parent 15456, Gecko_IOThread] WARNING: pipe error: 109: file z:/build/build/src/ipc/chromium/src/chrome/common/ipc_channel_win.cc, line 346
[Child 18228, Chrome_ChildThread] WARNING: pipe error: 109: file z:/build/build/src/ipc/chromium/src/chrome/common/ipc_channel_win.cc, line 31547066197401	addons.manager	DEBUG	shutdown
1547066197402	addons.manager	DEBUG	Calling shutdown blocker for XPIProvider
1547066197402	addons.xpi	DEBUG	shutdown
46
[Child 18
###!!! [Child][RunMessage] Error: Channel closing: too late to send/recv, messages will be lost


###!!! [Child][MessageChannel::SendAndWait] Error: Channel error: cannot send/recv


	at org.openqa.selenium.firefox.internal.NewProfileExtensionConnection.start(NewProfileExtensionConnection.java:113)
	... 31 more
... Removed 24 stack frames]]>
    </failure>
  </testcase> <!-- browserTest -->
</testsuite> <!-- Test -->
